/home/vagrant/.swat/reports/127.0.0.1:5000/appname/00.t ........ 
# vagrant   7525  0.0  1.2 103220 39432 ?        Ss   13:09   0:00 starman master
# vagrant   7529  0.0  1.2 103220 38472 ?        S    13:09   0:00 starman worker
# vagrant   7530  0.0  1.2 103220 38472 ?        S    13:09   0:00 starman worker
# vagrant   7531  0.0  1.2 103220 38472 ?        S    13:09   0:00 starman worker
# start swat for 127.0.0.1:5000//appname | project /usr/local/share/perl/5.20.2/auto/share/module/swat-dancer | is swat package 1
# swat version 0.1.43 | debug 0 | try num 1 | ignore http errors 0
ok 1 - successful response from GET 127.0.0.1:5000/appname
# data file: /home/vagrant/.swat/reports/127.0.0.1:5000//appname/content.GET.txt
ok 2 - GET /appname returns 200 OK
ok 3 - GET /appname returns This is foo-app
1..3
ok
/home/vagrant/.swat/reports/127.0.0.1:5000/myaction/00.t ....... 
# start swat for 127.0.0.1:5000//myaction | project /usr/local/share/perl/5.20.2/auto/share/module/swat-dancer | is swat package 1
# swat version 0.1.43 | debug 0 | try num 1 | ignore http errors 0
ok 1 - successful response from GET 127.0.0.1:5000/myaction
# data file: /home/vagrant/.swat/reports/127.0.0.1:5000//myaction/content.GET.txt
ok 2 - GET /myaction returns 200 OK
ok 3 - GET /myaction returns any
1..3
ok
/home/vagrant/.swat/reports/127.0.0.1:5000/cat/:txtfile/00.t ... 
# start swat for 127.0.0.1:5000//cat/:txtfile | project /usr/local/share/perl/5.20.2/auto/share/module/swat-dancer | is swat package 1
# swat version 0.1.43 | debug 0 | try num 1 | ignore http errors 0
ok 1 - successful response from GET 127.0.0.1:5000/cat/:txtfile
# data file: /home/vagrant/.swat/reports/127.0.0.1:5000//cat/:txtfile/content.GET.txt
ok 2 - GET /cat/:txtfile returns 200 OK
ok 3 - GET /cat/:txtfile returns Content-Type: text/plain
ok 4 - GET /cat/:txtfile returns HELLO2
ok 5 - GET /cat/:txtfile returns WORLD2
1..5
ok
/home/vagrant/.swat/reports/127.0.0.1:5000/myaction/00.post.t .. 
# start swat for 127.0.0.1:5000//myaction | project /usr/local/share/perl/5.20.2/auto/share/module/swat-dancer | is swat package 1
# swat version 0.1.43 | debug 0 | try num 1 | ignore http errors 0
ok 1 - successful response from POST 127.0.0.1:5000/myaction
# data file: /home/vagrant/.swat/reports/127.0.0.1:5000//myaction/content.POST.txt
ok 2 - POST /myaction returns 200 OK
ok 3 - POST /myaction returns any
1..3
ok
/home/vagrant/.swat/reports/127.0.0.1:5000/cookie/00.t ......... 
# start swat for 127.0.0.1:5000//cookie | project /usr/local/share/perl/5.20.2/auto/share/module/swat-dancer | is swat package 1
# swat version 0.1.43 | debug 0 | try num 1 | ignore http errors 0
ok 1 - successful response from GET 127.0.0.1:5000/cookie
# data file: /home/vagrant/.swat/reports/127.0.0.1:5000//cookie/content.GET.txt
ok 2 - GET /cookie returns 200 OK
ok 3 - GET /cookie returns swat
1..3
ok
/home/vagrant/.swat/reports/127.0.0.1:5000/hello/:name/00.t .... 
# start swat for 127.0.0.1:5000//hello/:name | project /usr/local/share/perl/5.20.2/auto/share/module/swat-dancer | is swat package 1
# swat version 0.1.43 | debug 0 | try num 1 | ignore http errors 0
ok 1 - successful response from GET 127.0.0.1:5000/hello/:name
# data file: /home/vagrant/.swat/reports/127.0.0.1:5000//hello/:name/content.GET.txt
ok 2 - GET /hello/:name returns 200 OK
ok 3 - GET /hello/:name returns kOGuY
ok 4 - GET /hello/:name returns data matching Server: Perl Dancer2 (\d+.\d+)
# line found: 0.162000
1..4
ok
All tests successful.
Files=6, Tests=21,  1 wallclock secs ( 0.02 usr  0.00 sys +  0.17 cusr  0.01 csys =  0.20 CPU)
Result: PASS
